# JRE version: Java(TM) SE Runtime Environment (8.0_112-b15) (build 1.8.0_112-b15)
# Java VM: Java HotSpot(TM) 64-Bit Server VM (25.112-b15 mixed mode windows-amd64 compressed oops)
Heap:
 PSYoungGen      total 548352K, used 75448K [0x000000076ad80000, 0x0000000793580000, 0x00000007c0000000)
  eden space 483328K, 4% used [0x000000076ad80000,0x000000076c06b798,0x0000000788580000)
  from space 65024K, 86% used [0x000000078f600000,0x0000000792cc2a50,0x0000000793580000)
  to   space 90112K, 0% used [0x0000000788580000,0x0000000788580000,0x000000078dd80000)
 ParOldGen       total 270848K, used 147232K [0x00000006c0800000, 0x00000006d1080000, 0x000000076ad80000)
  object space 270848K, 54% used [0x00000006c0800000,0x00000006c97c8058,0x00000006d1080000)
 Metaspace       used 22420K, capacity 22726K, committed 23168K, reserved 1069056K
  class space    used 2566K, capacity 2657K, committed 2688K, reserved 1048576K
GC Heap History (10 events):
Event: 21.460 GC heap before
{Heap before GC invocations=5 (full 0):
 PSYoungGen      total 141824K, used 141801K [0x000000076ad80000, 0x0000000774280000, 0x00000007c0000000)
  eden space 131072K, 100% used [0x000000076ad80000,0x0000000772d80000,0x0000000772d80000)
  from space 10752K, 99% used [0x0000000773800000,0x000000077427a7c8,0x0000000774280000)
  to   space 10752K, 0% used [0x0000000772d80000,0x0000000772d80000,0x0000000773800000)
 ParOldGen       total 175104K, used 58416K [0x00000006c0800000, 0x00000006cb300000, 0x000000076ad80000)
  object space 175104K, 33% used [0x00000006c0800000,0x00000006c410c048,0x00000006cb300000)
 Metaspace       used 19862K, capacity 20156K, committed 20480K, reserved 1067008K
  class space    used 2411K, capacity 2526K, committed 2560K, reserved 1048576K
Event: 21.515 GC heap after
Heap after GC invocations=5 (full 0):
 PSYoungGen      total 141824K, used 10740K [0x000000076ad80000, 0x0000000780e80000, 0x00000007c0000000)
  eden space 131072K, 0% used [0x000000076ad80000,0x000000076ad80000,0x0000000772d80000)
  from space 10752K, 99% used [0x0000000772d80000,0x00000007737fd390,0x0000000773800000)
  to   space 49664K, 0% used [0x000000077de00000,0x000000077de00000,0x0000000780e80000)
 ParOldGen       total 175104K, used 92713K [0x00000006c0800000, 0x00000006cb300000, 0x000000076ad80000)
  object space 175104K, 52% used [0x00000006c0800000,0x00000006c628a790,0x00000006cb300000)
 Metaspace       used 19862K, capacity 20156K, committed 20480K, reserved 1067008K
  class space    used 2411K, capacity 2526K, committed 2560K, reserved 1048576K
}
Event: 22.413 GC heap before
{Heap before GC invocations=6 (full 0):
 PSYoungGen      total 141824K, used 141812K [0x000000076ad80000, 0x0000000780e80000, 0x00000007c0000000)
  eden space 131072K, 100% used [0x000000076ad80000,0x0000000772d80000,0x0000000772d80000)
  from space 10752K, 99% used [0x0000000772d80000,0x00000007737fd390,0x0000000773800000)
  to   space 49664K, 0% used [0x000000077de00000,0x000000077de00000,0x0000000780e80000)
 ParOldGen       total 175104K, used 92713K [0x00000006c0800000, 0x00000006cb300000, 0x000000076ad80000)
  object space 175104K, 52% used [0x00000006c0800000,0x00000006c628a790,0x00000006cb300000)
 Metaspace       used 20106K, capacity 20348K, committed 20736K, reserved 1067008K
  class space    used 2411K, capacity 2526K, committed 2560K, reserved 1048576K
Event: 22.473 GC heap after
Heap after GC invocations=6 (full 0):
 PSYoungGen      total 304128K, used 48568K [0x000000076ad80000, 0x0000000781d80000, 0x00000007c0000000)
  eden space 254464K, 0% used [0x000000076ad80000,0x000000076ad80000,0x000000077a600000)
  from space 49664K, 97% used [0x000000077de00000,0x0000000780d6e020,0x0000000780e80000)
  to   space 57344K, 0% used [0x000000077a600000,0x000000077a600000,0x000000077de00000)
 ParOldGen       total 175104K, used 92721K [0x00000006c0800000, 0x00000006cb300000, 0x000000076ad80000)
  object space 175104K, 52% used [0x00000006c0800000,0x00000006c628c790,0x00000006cb300000)
 Metaspace       used 20106K, capacity 20348K, committed 20736K, reserved 1067008K
  class space    used 2411K, capacity 2526K, committed 2560K, reserved 1048576K
}
Event: 24.081 GC heap before
{Heap before GC invocations=7 (full 0):
 PSYoungGen      total 304128K, used 303032K [0x000000076ad80000, 0x0000000781d80000, 0x00000007c0000000)
  eden space 254464K, 100% used [0x000000076ad80000,0x000000077a600000,0x000000077a600000)
  from space 49664K, 97% used [0x000000077de00000,0x0000000780d6e020,0x0000000780e80000)
  to   space 57344K, 0% used [0x000000077a600000,0x000000077a600000,0x000000077de00000)
 ParOldGen       total 175104K, used 92721K [0x00000006c0800000, 0x00000006cb300000, 0x000000076ad80000)
  object space 175104K, 52% used [0x00000006c0800000,0x00000006c628c790,0x00000006cb300000)
 Metaspace       used 20330K, capacity 20604K, committed 20992K, reserved 1067008K
  class space    used 2412K, capacity 2526K, committed 2560K, reserved 1048576K
Event: 24.271 GC heap after
Heap after GC invocations=7 (full 0):
 PSYoungGen      total 311808K, used 57342K [0x000000076ad80000, 0x0000000794d80000, 0x00000007c0000000)
  eden space 254464K, 0% used [0x000000076ad80000,0x000000076ad80000,0x000000077a600000)
  from space 57344K, 99% used [0x000000077a600000,0x000000077ddff960,0x000000077de00000)
  to   space 89600K, 0% used [0x000000078f600000,0x000000078f600000,0x0000000794d80000)
 ParOldGen       total 175104K, used 139444K [0x00000006c0800000, 0x00000006cb300000, 0x000000076ad80000)
  object space 175104K, 79% used [0x00000006c0800000,0x00000006c902d220,0x00000006cb300000)
 Metaspace       used 20330K, capacity 20604K, committed 20992K, reserved 1067008K
  class space    used 2412K, capacity 2526K, committed 2560K, reserved 1048576K
}
Event: 24.271 GC heap before
{Heap before GC invocations=8 (full 1):
 PSYoungGen      total 311808K, used 57342K [0x000000076ad80000, 0x0000000794d80000, 0x00000007c0000000)
  eden space 254464K, 0% used [0x000000076ad80000,0x000000076ad80000,0x000000077a600000)
  from space 57344K, 99% used [0x000000077a600000,0x000000077ddff960,0x000000077de00000)
  to   space 89600K, 0% used [0x000000078f600000,0x000000078f600000,0x0000000794d80000)
 ParOldGen       total 175104K, used 139444K [0x00000006c0800000, 0x00000006cb300000, 0x000000076ad80000)
  object space 175104K, 79% used [0x00000006c0800000,0x00000006c902d220,0x00000006cb300000)
 Metaspace       used 20330K, capacity 20604K, committed 20992K, reserved 1067008K
  class space    used 2412K, capacity 2526K, committed 2560K, reserved 1048576K
Event: 24.410 GC heap after
Heap after GC invocations=8 (full 1):
 PSYoungGen      total 311808K, used 0K [0x000000076ad80000, 0x0000000794d80000, 0x00000007c0000000)
  eden space 254464K, 0% used [0x000000076ad80000,0x000000076ad80000,0x000000077a600000)
  from space 57344K, 0% used [0x000000077a600000,0x000000077a600000,0x000000077de00000)
  to   space 89600K, 0% used [0x000000078f600000,0x000000078f600000,0x0000000794d80000)
 ParOldGen       total 270848K, used 147224K [0x00000006c0800000, 0x00000006d1080000, 0x000000076ad80000)
  object space 270848K, 54% used [0x00000006c0800000,0x00000006c97c6058,0x00000006d1080000)
 Metaspace       used 20330K, capacity 20604K, committed 20992K, reserved 1067008K
  class space    used 2412K, capacity 2526K, committed 2560K, reserved 1048576K
}
Event: 16225.633 GC heap before
{Heap before GC invocations=9 (full 1):
 PSYoungGen      total 311808K, used 254464K [0x000000076ad80000, 0x0000000794d80000, 0x00000007c0000000)
  eden space 254464K, 100% used [0x000000076ad80000,0x000000077a600000,0x000000077a600000)
  from space 57344K, 0% used [0x000000077a600000,0x000000077a600000,0x000000077de00000)
  to   space 89600K, 0% used [0x000000078f600000,0x000000078f600000,0x0000000794d80000)
 ParOldGen       total 270848K, used 147224K [0x00000006c0800000, 0x00000006d1080000, 0x000000076ad80000)
  object space 270848K, 54% used [0x00000006c0800000,0x00000006c97c6058,0x00000006d1080000)
 Metaspace       used 22401K, capacity 22652K, committed 22912K, reserved 1069056K
  class space    used 2565K, capacity 2654K, committed 2688K, reserved 1048576K
Event: 16225.703 GC heap after
Heap after GC invocations=9 (full 1):
 PSYoungGen      total 548352K, used 56074K [0x000000076ad80000, 0x0000000793580000, 0x00000007c0000000)
  eden space 483328K, 0% used [0x000000076ad80000,0x000000076ad80000,0x0000000788580000)
  from space 65024K, 86% used [0x000000078f600000,0x0000000792cc2a50,0x0000000793580000)
  to   space 90112K, 0% used [0x0000000788580000,0x0000000788580000,0x000000078dd80000)
 ParOldGen       total 270848K, used 147232K [0x00000006c0800000, 0x00000006d1080000, 0x000000076ad80000)
  object space 270848K, 54% used [0x00000006c0800000,0x00000006c97c8058,0x00000006d1080000)
 Metaspace       used 22401K, capacity 22652K, committed 22912K, reserved 1069056K
  class space    used 2565K, capacity 2654K, committed 2688K, reserved 1048576K
}

